2014-07-28 15:21:16,282 DEBUG org.springframework.core.env.StandardEnvironment ~ Adding [systemProperties] PropertySource with lowest search precedence
2014-07-28 15:21:16,286 DEBUG org.springframework.core.env.StandardEnvironment ~ Adding [systemEnvironment] PropertySource with lowest search precedence
2014-07-28 15:21:16,286 DEBUG org.springframework.core.env.StandardEnvironment ~ Initialized StandardEnvironment with PropertySources [systemProperties,systemEnvironment]
2014-07-28 15:21:16,291 INFO  org.springframework.context.support.ClassPathXmlApplicationContext ~ Refreshing org.springframework.context.support.ClassPathXmlApplicationContext@5f47cab0: startup date [Mon Jul 28 15:21:16 CDT 2014]; root of context hierarchy
2014-07-28 15:21:16,325 DEBUG org.springframework.core.env.StandardEnvironment ~ Adding [systemProperties] PropertySource with lowest search precedence
2014-07-28 15:21:16,325 DEBUG org.springframework.core.env.StandardEnvironment ~ Adding [systemEnvironment] PropertySource with lowest search precedence
2014-07-28 15:21:16,325 DEBUG org.springframework.core.env.StandardEnvironment ~ Initialized StandardEnvironment with PropertySources [systemProperties,systemEnvironment]
2014-07-28 15:21:16,335 INFO  org.springframework.beans.factory.xml.XmlBeanDefinitionReader ~ Loading XML bean definitions from class path resource [application-context.xml]
2014-07-28 15:21:16,350 DEBUG org.springframework.beans.factory.xml.DefaultDocumentLoader ~ Using JAXP provider [com.sun.org.apache.xerces.internal.jaxp.DocumentBuilderFactoryImpl]
2014-07-28 15:21:16,381 TRACE org.springframework.beans.factory.xml.PluggableSchemaResolver ~ Trying to resolve XML entity with public id [null] and system id [http://www.springframework.org/schema/beans/spring-beans-3.0.xsd]
2014-07-28 15:21:16,381 DEBUG org.springframework.beans.factory.xml.PluggableSchemaResolver ~ Loading schema mappings from [META-INF/spring.schemas]
2014-07-28 15:21:16,387 DEBUG org.springframework.beans.factory.xml.PluggableSchemaResolver ~ Loaded schema mappings: {http://www.springframework.org/schema/util/spring-util.xsd=org/springframework/beans/factory/xml/spring-util-4.0.xsd, http://www.springframework.org/schema/jee/spring-jee-3.2.xsd=org/springframework/ejb/config/spring-jee-3.2.xsd, http://www.springframework.org/schema/beans/spring-beans-3.1.xsd=org/springframework/beans/factory/xml/spring-beans-3.1.xsd, http://www.springframework.org/schema/task/spring-task.xsd=org/springframework/scheduling/config/spring-task-4.0.xsd, http://www.springframework.org/schema/cache/spring-cache.xsd=org/springframework/cache/config/spring-cache-4.0.xsd, http://www.springframework.org/schema/aop/spring-aop-3.0.xsd=org/springframework/aop/config/spring-aop-3.0.xsd, http://www.springframework.org/schema/task/spring-task-3.1.xsd=org/springframework/scheduling/config/spring-task-3.1.xsd, http://www.springframework.org/schema/aop/spring-aop-2.0.xsd=org/springframework/aop/config/spring-aop-2.0.xsd, http://www.springframework.org/schema/aop/spring-aop-4.0.xsd=org/springframework/aop/config/spring-aop-4.0.xsd, http://www.springframework.org/schema/tool/spring-tool-2.5.xsd=org/springframework/beans/factory/xml/spring-tool-2.5.xsd, http://www.springframework.org/schema/beans/spring-beans.xsd=org/springframework/beans/factory/xml/spring-beans-4.0.xsd, http://www.springframework.org/schema/jee/spring-jee-2.5.xsd=org/springframework/ejb/config/spring-jee-2.5.xsd, http://www.springframework.org/schema/jdbc/spring-jdbc-3.1.xsd=org/springframework/jdbc/config/spring-jdbc-3.1.xsd, http://www.springframework.org/schema/tool/spring-tool-3.1.xsd=org/springframework/beans/factory/xml/spring-tool-3.1.xsd, http://www.springframework.org/schema/aop/spring-aop.xsd=org/springframework/aop/config/spring-aop-4.0.xsd, http://www.springframework.org/schema/jee/spring-jee-3.1.xsd=org/springframework/ejb/config/spring-jee-3.1.xsd, http://www.springframework.org/schema/tx/spring-tx-3.2.xsd=org/springframework/transaction/config/spring-tx-3.2.xsd, http://www.springframework.org/schema/context/spring-context-3.2.xsd=org/springframework/context/config/spring-context-3.2.xsd, http://www.springframework.org/schema/util/spring-util-3.2.xsd=org/springframework/beans/factory/xml/spring-util-3.2.xsd, http://www.springframework.org/schema/beans/spring-beans-2.0.xsd=org/springframework/beans/factory/xml/spring-beans-2.0.xsd, http://www.springframework.org/schema/beans/spring-beans-4.0.xsd=org/springframework/beans/factory/xml/spring-beans-4.0.xsd, http://www.springframework.org/schema/lang/spring-lang-3.2.xsd=org/springframework/scripting/config/spring-lang-3.2.xsd, http://www.springframework.org/schema/beans/spring-beans-3.0.xsd=org/springframework/beans/factory/xml/spring-beans-3.0.xsd, http://www.springframework.org/schema/cache/spring-cache-3.2.xsd=org/springframework/cache/config/spring-cache-3.2.xsd, http://www.springframework.org/schema/task/spring-task-3.0.xsd=org/springframework/scheduling/config/spring-task-3.0.xsd, http://www.springframework.org/schema/task/spring-task-4.0.xsd=org/springframework/scheduling/config/spring-task-4.0.xsd, http://www.springframework.org/schema/tx/spring-tx-2.5.xsd=org/springframework/transaction/config/spring-tx-2.5.xsd, http://www.springframework.org/schema/context/spring-context-2.5.xsd=org/springframework/context/config/spring-context-2.5.xsd, http://www.springframework.org/schema/jdbc/spring-jdbc-4.0.xsd=org/springframework/jdbc/config/spring-jdbc-4.0.xsd, http://www.springframework.org/schema/jdbc/spring-jdbc-3.0.xsd=org/springframework/jdbc/config/spring-jdbc-3.0.xsd, http://www.springframework.org/schema/tool/spring-tool-3.0.xsd=org/springframework/beans/factory/xml/spring-tool-3.0.xsd, http://www.springframework.org/schema/tx/spring-tx.xsd=org/springframework/transaction/config/spring-tx-4.0.xsd, http://www.springframework.org/schema/util/spring-util-2.5.xsd=org/springframework/beans/factory/xml/spring-util-2.5.xsd, http://www.springframework.org/schema/tool/spring-tool-2.0.xsd=org/springframework/beans/factory/xml/spring-tool-2.0.xsd, http://www.springframework.org/schema/lang/spring-lang.xsd=org/springframework/scripting/config/spring-lang-4.0.xsd, http://www.springframework.org/schema/tool/spring-tool-4.0.xsd=org/springframework/beans/factory/xml/spring-tool-4.0.xsd, http://www.springframework.org/schema/lang/spring-lang-2.5.xsd=org/springframework/scripting/config/spring-lang-2.5.xsd, http://www.springframework.org/schema/aop/spring-aop-3.2.xsd=org/springframework/aop/config/spring-aop-3.2.xsd, http://www.springframework.org/schema/jee/spring-jee-3.0.xsd=org/springframework/ejb/config/spring-jee-3.0.xsd, http://www.springframework.org/schema/tx/spring-tx-3.1.xsd=org/springframework/transaction/config/spring-tx-3.1.xsd, http://www.springframework.org/schema/jee/spring-jee-2.0.xsd=org/springframework/ejb/config/spring-jee-2.0.xsd, http://www.springframework.org/schema/context/spring-context-3.1.xsd=org/springframework/context/config/spring-context-3.1.xsd, http://www.springframework.org/schema/jee/spring-jee-4.0.xsd=org/springframework/ejb/config/spring-jee-4.0.xsd, http://www.springframework.org/schema/util/spring-util-3.1.xsd=org/springframework/beans/factory/xml/spring-util-3.1.xsd, http://www.springframework.org/schema/lang/spring-lang-3.1.xsd=org/springframework/scripting/config/spring-lang-3.1.xsd, http://www.springframework.org/schema/cache/spring-cache-3.1.xsd=org/springframework/cache/config/spring-cache-3.1.xsd, http://www.springframework.org/schema/context/spring-context.xsd=org/springframework/context/config/spring-context-4.0.xsd, http://www.springframework.org/schema/jee/spring-jee.xsd=org/springframework/ejb/config/spring-jee-4.0.xsd, http://www.springframework.org/schema/aop/spring-aop-2.5.xsd=org/springframework/aop/config/spring-aop-2.5.xsd, http://www.springframework.org/schema/jdbc/spring-jdbc.xsd=org/springframework/jdbc/config/spring-jdbc-4.0.xsd, http://www.springframework.org/schema/beans/spring-beans-3.2.xsd=org/springframework/beans/factory/xml/spring-beans-3.2.xsd, http://www.springframework.org/schema/tx/spring-tx-2.0.xsd=org/springframework/transaction/config/spring-tx-2.0.xsd, http://www.springframework.org/schema/aop/spring-aop-3.1.xsd=org/springframework/aop/config/spring-aop-3.1.xsd, http://www.springframework.org/schema/tx/spring-tx-4.0.xsd=org/springframework/transaction/config/spring-tx-4.0.xsd, http://www.springframework.org/schema/task/spring-task-3.2.xsd=org/springframework/scheduling/config/spring-task-3.2.xsd, http://www.springframework.org/schema/context/spring-context-4.0.xsd=org/springframework/context/config/spring-context-4.0.xsd, http://www.springframework.org/schema/tx/spring-tx-3.0.xsd=org/springframework/transaction/config/spring-tx-3.0.xsd, http://www.springframework.org/schema/context/spring-context-3.0.xsd=org/springframework/context/config/spring-context-3.0.xsd, http://www.springframework.org/schema/tool/spring-tool.xsd=org/springframework/beans/factory/xml/spring-tool-4.0.xsd, http://www.springframework.org/schema/util/spring-util-3.0.xsd=org/springframework/beans/factory/xml/spring-util-3.0.xsd, http://www.springframework.org/schema/util/spring-util-2.0.xsd=org/springframework/beans/factory/xml/spring-util-2.0.xsd, http://www.springframework.org/schema/lang/spring-lang-3.0.xsd=org/springframework/scripting/config/spring-lang-3.0.xsd, http://www.springframework.org/schema/util/spring-util-4.0.xsd=org/springframework/beans/factory/xml/spring-util-4.0.xsd, http://www.springframework.org/schema/lang/spring-lang-2.0.xsd=org/springframework/scripting/config/spring-lang-2.0.xsd, http://www.springframework.org/schema/cache/spring-cache-4.0.xsd=org/springframework/cache/config/spring-cache-4.0.xsd, http://www.springframework.org/schema/lang/spring-lang-4.0.xsd=org/springframework/scripting/config/spring-lang-4.0.xsd, http://www.springframework.org/schema/jdbc/spring-jdbc-3.2.xsd=org/springframework/jdbc/config/spring-jdbc-3.2.xsd, http://www.springframework.org/schema/tool/spring-tool-3.2.xsd=org/springframework/beans/factory/xml/spring-tool-3.2.xsd, http://www.springframework.org/schema/beans/spring-beans-2.5.xsd=org/springframework/beans/factory/xml/spring-beans-2.5.xsd}
2014-07-28 15:21:16,390 DEBUG org.springframework.beans.factory.xml.PluggableSchemaResolver ~ Found XML schema [http://www.springframework.org/schema/beans/spring-beans-3.0.xsd] in classpath: org/springframework/beans/factory/xml/spring-beans-3.0.xsd
2014-07-28 15:21:16,440 TRACE org.springframework.beans.factory.xml.PluggableSchemaResolver ~ Trying to resolve XML entity with public id [null] and system id [http://www.springframework.org/schema/context/spring-context-3.0.xsd]
2014-07-28 15:21:16,441 DEBUG org.springframework.beans.factory.xml.PluggableSchemaResolver ~ Found XML schema [http://www.springframework.org/schema/context/spring-context-3.0.xsd] in classpath: org/springframework/context/config/spring-context-3.0.xsd
2014-07-28 15:21:16,449 TRACE org.springframework.beans.factory.xml.PluggableSchemaResolver ~ Trying to resolve XML entity with public id [null] and system id [http://www.springframework.org/schema/tool/spring-tool-3.0.xsd]
2014-07-28 15:21:16,450 DEBUG org.springframework.beans.factory.xml.PluggableSchemaResolver ~ Found XML schema [http://www.springframework.org/schema/tool/spring-tool-3.0.xsd] in classpath: org/springframework/beans/factory/xml/spring-tool-3.0.xsd
2014-07-28 15:21:16,465 TRACE org.springframework.beans.factory.xml.PluggableSchemaResolver ~ Trying to resolve XML entity with public id [null] and system id [http://www.springframework.org/schema/tx/spring-tx-3.0.xsd]
2014-07-28 15:21:16,466 DEBUG org.springframework.beans.factory.xml.PluggableSchemaResolver ~ Found XML schema [http://www.springframework.org/schema/tx/spring-tx-3.0.xsd] in classpath: org/springframework/transaction/config/spring-tx-3.0.xsd
2014-07-28 15:21:16,481 DEBUG org.springframework.beans.factory.xml.DefaultBeanDefinitionDocumentReader ~ Loading bean definitions
2014-07-28 15:21:16,493 DEBUG org.springframework.beans.factory.xml.DefaultNamespaceHandlerResolver ~ Loaded NamespaceHandler mappings: {http://www.springframework.org/schema/p=org.springframework.beans.factory.xml.SimplePropertyNamespaceHandler, http://www.springframework.org/schema/util=org.springframework.beans.factory.xml.UtilNamespaceHandler, http://www.springframework.org/schema/jee=org.springframework.ejb.config.JeeNamespaceHandler, http://www.springframework.org/schema/aop=org.springframework.aop.config.AopNamespaceHandler, http://www.springframework.org/schema/jdbc=org.springframework.jdbc.config.JdbcNamespaceHandler, http://www.springframework.org/schema/cache=org.springframework.cache.config.CacheNamespaceHandler, http://www.springframework.org/schema/c=org.springframework.beans.factory.xml.SimpleConstructorNamespaceHandler, http://www.springframework.org/schema/tx=org.springframework.transaction.config.TxNamespaceHandler, http://www.springframework.org/schema/task=org.springframework.scheduling.config.TaskNamespaceHandler, http://www.springframework.org/schema/lang=org.springframework.scripting.config.LangNamespaceHandler, http://www.springframework.org/schema/context=org.springframework.context.config.ContextNamespaceHandler}
2014-07-28 15:21:16,512 DEBUG org.springframework.core.env.StandardEnvironment ~ Adding [systemProperties] PropertySource with lowest search precedence
2014-07-28 15:21:16,512 DEBUG org.springframework.core.env.StandardEnvironment ~ Adding [systemEnvironment] PropertySource with lowest search precedence
2014-07-28 15:21:16,513 DEBUG org.springframework.core.env.StandardEnvironment ~ Initialized StandardEnvironment with PropertySources [systemProperties,systemEnvironment]
2014-07-28 15:21:16,532 DEBUG org.springframework.core.io.support.PathMatchingResourcePatternResolver ~ Looking for matching resources in directory tree [C:\Users\r.harkins\Projects\metrolink\target\classes\com\ricketysplit]
2014-07-28 15:21:16,532 DEBUG org.springframework.core.io.support.PathMatchingResourcePatternResolver ~ Searching directory [C:\Users\r.harkins\Projects\metrolink\target\classes\com\ricketysplit] for files matching pattern [C:/Users/r.harkins/Projects/metrolink/target/classes/com/ricketysplit/**/*.class]
2014-07-28 15:21:16,533 DEBUG org.springframework.core.io.support.PathMatchingResourcePatternResolver ~ Searching directory [C:\Users\r.harkins\Projects\metrolink\target\classes\com\ricketysplit\metrolink] for files matching pattern [C:/Users/r.harkins/Projects/metrolink/target/classes/com/ricketysplit/**/*.class]
2014-07-28 15:21:16,536 DEBUG org.springframework.core.io.support.PathMatchingResourcePatternResolver ~ Resolved location pattern [classpath*:com/ricketysplit/**/*.class] to resources [file [C:\Users\r.harkins\Projects\metrolink\target\classes\com\ricketysplit\metrolink\AppOutput.class], file [C:\Users\r.harkins\Projects\metrolink\target\classes\com\ricketysplit\metrolink\Metrolink.class], file [C:\Users\r.harkins\Projects\metrolink\target\classes\com\ricketysplit\metrolink\SqliteJDBCDao.class], file [C:\Users\r.harkins\Projects\metrolink\target\classes\com\ricketysplit\metrolink\StationTracker.class], file [C:\Users\r.harkins\Projects\metrolink\target\classes\com\ricketysplit\metrolink\Stop.class], file [C:\Users\r.harkins\Projects\metrolink\target\classes\com\ricketysplit\metrolink\StopTimes.class], file [C:\Users\r.harkins\Projects\metrolink\target\classes\com\ricketysplit\metrolink\StopTimesPK.class]]
2014-07-28 15:21:16,536 TRACE org.springframework.context.annotation.ClassPathBeanDefinitionScanner ~ Scanning file [C:\Users\r.harkins\Projects\metrolink\target\classes\com\ricketysplit\metrolink\AppOutput.class]
2014-07-28 15:21:16,570 DEBUG org.springframework.context.annotation.ClassPathBeanDefinitionScanner ~ Identified candidate component class: file [C:\Users\r.harkins\Projects\metrolink\target\classes\com\ricketysplit\metrolink\AppOutput.class]
2014-07-28 15:21:16,570 TRACE org.springframework.context.annotation.ClassPathBeanDefinitionScanner ~ Scanning file [C:\Users\r.harkins\Projects\metrolink\target\classes\com\ricketysplit\metrolink\Metrolink.class]
2014-07-28 15:21:16,571 DEBUG org.springframework.context.annotation.ClassPathBeanDefinitionScanner ~ Identified candidate component class: file [C:\Users\r.harkins\Projects\metrolink\target\classes\com\ricketysplit\metrolink\Metrolink.class]
2014-07-28 15:21:16,571 TRACE org.springframework.context.annotation.ClassPathBeanDefinitionScanner ~ Scanning file [C:\Users\r.harkins\Projects\metrolink\target\classes\com\ricketysplit\metrolink\SqliteJDBCDao.class]
2014-07-28 15:21:16,571 DEBUG org.springframework.context.annotation.ClassPathBeanDefinitionScanner ~ Identified candidate component class: file [C:\Users\r.harkins\Projects\metrolink\target\classes\com\ricketysplit\metrolink\SqliteJDBCDao.class]
2014-07-28 15:21:16,572 TRACE org.springframework.context.annotation.ClassPathBeanDefinitionScanner ~ Scanning file [C:\Users\r.harkins\Projects\metrolink\target\classes\com\ricketysplit\metrolink\StationTracker.class]
2014-07-28 15:21:16,573 DEBUG org.springframework.context.annotation.ClassPathBeanDefinitionScanner ~ Identified candidate component class: file [C:\Users\r.harkins\Projects\metrolink\target\classes\com\ricketysplit\metrolink\StationTracker.class]
2014-07-28 15:21:16,573 TRACE org.springframework.context.annotation.ClassPathBeanDefinitionScanner ~ Scanning file [C:\Users\r.harkins\Projects\metrolink\target\classes\com\ricketysplit\metrolink\Stop.class]
2014-07-28 15:21:16,579 TRACE org.springframework.context.annotation.ClassPathBeanDefinitionScanner ~ Ignored because not matching any filter: file [C:\Users\r.harkins\Projects\metrolink\target\classes\com\ricketysplit\metrolink\Stop.class]
2014-07-28 15:21:16,579 TRACE org.springframework.context.annotation.ClassPathBeanDefinitionScanner ~ Scanning file [C:\Users\r.harkins\Projects\metrolink\target\classes\com\ricketysplit\metrolink\StopTimes.class]
2014-07-28 15:21:16,582 TRACE org.springframework.context.annotation.ClassPathBeanDefinitionScanner ~ Ignored because not matching any filter: file [C:\Users\r.harkins\Projects\metrolink\target\classes\com\ricketysplit\metrolink\StopTimes.class]
2014-07-28 15:21:16,582 TRACE org.springframework.context.annotation.ClassPathBeanDefinitionScanner ~ Scanning file [C:\Users\r.harkins\Projects\metrolink\target\classes\com\ricketysplit\metrolink\StopTimesPK.class]
2014-07-28 15:21:16,582 TRACE org.springframework.context.annotation.ClassPathBeanDefinitionScanner ~ Ignored because not matching any filter: file [C:\Users\r.harkins\Projects\metrolink\target\classes\com\ricketysplit\metrolink\StopTimesPK.class]
2014-07-28 15:21:16,649 DEBUG org.springframework.beans.factory.xml.XmlBeanDefinitionReader ~ Loaded 16 bean definitions from location pattern [application-context.xml]
2014-07-28 15:21:16,649 DEBUG org.springframework.context.support.ClassPathXmlApplicationContext ~ Bean factory for org.springframework.context.support.ClassPathXmlApplicationContext@5f47cab0: org.springframework.beans.factory.support.DefaultListableBeanFactory@5288528: defining beans [appOutput,metrolink,sqliteJDBCDao,stationTracker,org.springframework.context.annotation.internalConfigurationAnnotationProcessor,org.springframework.context.annotation.internalAutowiredAnnotationProcessor,org.springframework.context.annotation.internalRequiredAnnotationProcessor,org.springframework.context.annotation.internalCommonAnnotationProcessor,org.springframework.context.annotation.internalPersistenceAnnotationProcessor,org.springframework.aop.config.internalAutoProxyCreator,org.springframework.transaction.annotation.AnnotationTransactionAttributeSource#0,org.springframework.transaction.interceptor.TransactionInterceptor#0,org.springframework.transaction.config.internalTransactionAdvisor,sessionFactory,transactionManager,dataSource]; root of factory hierarchy
2014-07-28 15:21:16,680 DEBUG org.springframework.beans.factory.support.DefaultListableBeanFactory ~ Creating shared instance of singleton bean 'org.springframework.context.annotation.internalConfigurationAnnotationProcessor'
2014-07-28 15:21:16,680 DEBUG org.springframework.beans.factory.support.DefaultListableBeanFactory ~ Creating instance of bean 'org.springframework.context.annotation.internalConfigurationAnnotationProcessor'
2014-07-28 15:21:16,698 DEBUG org.springframework.beans.factory.support.DefaultListableBeanFactory ~ Eagerly caching bean 'org.springframework.context.annotation.internalConfigurationAnnotationProcessor' to allow for resolving potential circular references
2014-07-28 15:21:16,700 DEBUG org.springframework.beans.factory.support.DefaultListableBeanFactory ~ Finished creating instance of bean 'org.springframework.context.annotation.internalConfigurationAnnotationProcessor'
2014-07-28 15:21:16,748 DEBUG org.springframework.beans.factory.support.DefaultListableBeanFactory ~ Creating shared instance of singleton bean 'org.springframework.context.annotation.internalAutowiredAnnotationProcessor'
2014-07-28 15:21:16,748 DEBUG org.springframework.beans.factory.support.DefaultListableBeanFactory ~ Creating instance of bean 'org.springframework.context.annotation.internalAutowiredAnnotationProcessor'
2014-07-28 15:21:16,749 DEBUG org.springframework.beans.factory.support.DefaultListableBeanFactory ~ Eagerly caching bean 'org.springframework.context.annotation.internalAutowiredAnnotationProcessor' to allow for resolving potential circular references
2014-07-28 15:21:16,749 DEBUG org.springframework.beans.factory.support.DefaultListableBeanFactory ~ Finished creating instance of bean 'org.springframework.context.annotation.internalAutowiredAnnotationProcessor'
2014-07-28 15:21:16,749 DEBUG org.springframework.beans.factory.support.DefaultListableBeanFactory ~ Creating shared instance of singleton bean 'org.springframework.context.annotation.internalRequiredAnnotationProcessor'
2014-07-28 15:21:16,749 DEBUG org.springframework.beans.factory.support.DefaultListableBeanFactory ~ Creating instance of bean 'org.springframework.context.annotation.internalRequiredAnnotationProcessor'
2014-07-28 15:21:16,750 DEBUG org.springframework.beans.factory.support.DefaultListableBeanFactory ~ Eagerly caching bean 'org.springframework.context.annotation.internalRequiredAnnotationProcessor' to allow for resolving potential circular references
2014-07-28 15:21:16,750 DEBUG org.springframework.beans.factory.support.DefaultListableBeanFactory ~ Finished creating instance of bean 'org.springframework.context.annotation.internalRequiredAnnotationProcessor'
2014-07-28 15:21:16,750 DEBUG org.springframework.beans.factory.support.DefaultListableBeanFactory ~ Creating shared instance of singleton bean 'org.springframework.context.annotation.internalCommonAnnotationProcessor'
2014-07-28 15:21:16,750 DEBUG org.springframework.beans.factory.support.DefaultListableBeanFactory ~ Creating instance of bean 'org.springframework.context.annotation.internalCommonAnnotationProcessor'
2014-07-28 15:21:16,753 DEBUG org.springframework.beans.factory.support.DefaultListableBeanFactory ~ Eagerly caching bean 'org.springframework.context.annotation.internalCommonAnnotationProcessor' to allow for resolving potential circular references
2014-07-28 15:21:16,753 DEBUG org.springframework.beans.factory.support.DefaultListableBeanFactory ~ Finished creating instance of bean 'org.springframework.context.annotation.internalCommonAnnotationProcessor'
2014-07-28 15:21:16,753 DEBUG org.springframework.beans.factory.support.DefaultListableBeanFactory ~ Creating shared instance of singleton bean 'org.springframework.context.annotation.internalPersistenceAnnotationProcessor'
2014-07-28 15:21:16,753 DEBUG org.springframework.beans.factory.support.DefaultListableBeanFactory ~ Creating instance of bean 'org.springframework.context.annotation.internalPersistenceAnnotationProcessor'
2014-07-28 15:21:16,754 DEBUG org.springframework.beans.factory.support.DefaultListableBeanFactory ~ Eagerly caching bean 'org.springframework.context.annotation.internalPersistenceAnnotationProcessor' to allow for resolving potential circular references
2014-07-28 15:21:16,754 DEBUG org.springframework.beans.factory.support.DefaultListableBeanFactory ~ Finished creating instance of bean 'org.springframework.context.annotation.internalPersistenceAnnotationProcessor'
2014-07-28 15:21:16,754 DEBUG org.springframework.beans.factory.support.DefaultListableBeanFactory ~ Creating shared instance of singleton bean 'org.springframework.context.annotation.ConfigurationClassPostProcessor.importAwareProcessor'
2014-07-28 15:21:16,755 DEBUG org.springframework.beans.factory.support.DefaultListableBeanFactory ~ Creating instance of bean 'org.springframework.context.annotation.ConfigurationClassPostProcessor.importAwareProcessor'
2014-07-28 15:21:16,755 DEBUG org.springframework.beans.factory.support.DefaultListableBeanFactory ~ Eagerly caching bean 'org.springframework.context.annotation.ConfigurationClassPostProcessor.importAwareProcessor' to allow for resolving potential circular references
2014-07-28 15:21:16,755 DEBUG org.springframework.beans.factory.support.DefaultListableBeanFactory ~ Finished creating instance of bean 'org.springframework.context.annotation.ConfigurationClassPostProcessor.importAwareProcessor'
2014-07-28 15:21:16,755 DEBUG org.springframework.beans.factory.support.DefaultListableBeanFactory ~ Creating shared instance of singleton bean 'org.springframework.context.annotation.ConfigurationClassPostProcessor.enhancedConfigurationProcessor'
2014-07-28 15:21:16,755 DEBUG org.springframework.beans.factory.support.DefaultListableBeanFactory ~ Creating instance of bean 'org.springframework.context.annotation.ConfigurationClassPostProcessor.enhancedConfigurationProcessor'
2014-07-28 15:21:16,755 DEBUG org.springframework.beans.factory.support.DefaultListableBeanFactory ~ Eagerly caching bean 'org.springframework.context.annotation.ConfigurationClassPostProcessor.enhancedConfigurationProcessor' to allow for resolving potential circular references
2014-07-28 15:21:16,755 DEBUG org.springframework.beans.factory.support.DefaultListableBeanFactory ~ Finished creating instance of bean 'org.springframework.context.annotation.ConfigurationClassPostProcessor.enhancedConfigurationProcessor'
2014-07-28 15:21:16,755 DEBUG org.springframework.beans.factory.support.DefaultListableBeanFactory ~ Creating shared instance of singleton bean 'org.springframework.aop.config.internalAutoProxyCreator'
2014-07-28 15:21:16,755 DEBUG org.springframework.beans.factory.support.DefaultListableBeanFactory ~ Creating instance of bean 'org.springframework.aop.config.internalAutoProxyCreator'
2014-07-28 15:21:16,767 DEBUG org.springframework.beans.factory.support.DefaultListableBeanFactory ~ Eagerly caching bean 'org.springframework.aop.config.internalAutoProxyCreator' to allow for resolving potential circular references
2014-07-28 15:21:16,770 TRACE org.springframework.core.io.support.SpringFactoriesLoader ~ Loaded [org.springframework.beans.BeanInfoFactory] names: [org.springframework.beans.ExtendedBeanInfoFactory]
2014-07-28 15:21:16,770 TRACE org.springframework.beans.CachedIntrospectionResults ~ Getting BeanInfo for class [org.springframework.aop.framework.autoproxy.InfrastructureAdvisorAutoProxyCreator]
2014-07-28 15:21:16,780 TRACE org.springframework.beans.CachedIntrospectionResults ~ Caching PropertyDescriptors for class [org.springframework.aop.framework.autoproxy.InfrastructureAdvisorAutoProxyCreator]
2014-07-28 15:21:16,780 TRACE org.springframework.beans.CachedIntrospectionResults ~ Found bean property 'advisorAdapterRegistry' of type [org.springframework.aop.framework.adapter.AdvisorAdapterRegistry]
2014-07-28 15:21:16,780 TRACE org.springframework.beans.CachedIntrospectionResults ~ Found bean property 'applyCommonInterceptorsFirst' of type [boolean]
2014-07-28 15:21:16,780 TRACE org.springframework.beans.CachedIntrospectionResults ~ Found bean property 'beanClassLoader' of type [java.lang.ClassLoader]
2014-07-28 15:21:16,780 TRACE org.springframework.beans.CachedIntrospectionResults ~ Found bean property 'beanFactory' of type [org.springframework.beans.factory.BeanFactory]
2014-07-28 15:21:16,780 TRACE org.springframework.beans.CachedIntrospectionResults ~ Found bean property 'class' of type [java.lang.Class]
2014-07-28 15:21:16,781 TRACE org.springframework.beans.CachedIntrospectionResults ~ Found bean property 'customTargetSourceCreators' of type [[Lorg.springframework.aop.framework.autoproxy.TargetSourceCreator;]
2014-07-28 15:21:16,781 TRACE org.springframework.beans.CachedIntrospectionResults ~ Found bean property 'exposeProxy' of type [boolean]
2014-07-28 15:21:16,781 TRACE org.springframework.beans.CachedIntrospectionResults ~ Found bean property 'frozen' of type [boolean]
2014-07-28 15:21:16,781 TRACE org.springframework.beans.CachedIntrospectionResults ~ Found bean property 'interceptorNames' of type [[Ljava.lang.String;]
2014-07-28 15:21:16,781 TRACE org.springframework.beans.CachedIntrospectionResults ~ Found bean property 'opaque' of type [boolean]
2014-07-28 15:21:16,781 TRACE org.springframework.beans.CachedIntrospectionResults ~ Found bean property 'optimize' of type [boolean]
2014-07-28 15:21:16,781 TRACE org.springframework.beans.CachedIntrospectionResults ~ Found bean property 'order' of type [int]
2014-07-28 15:21:16,781 TRACE org.springframework.beans.CachedIntrospectionResults ~ Found bean property 'proxyClassLoader' of type [java.lang.ClassLoader]
2014-07-28 15:21:16,781 TRACE org.springframework.beans.CachedIntrospectionResults ~ Found bean property 'proxyTargetClass' of type [boolean]
2014-07-28 15:21:16,789 DEBUG org.springframework.beans.factory.support.DefaultListableBeanFactory ~ Finished creating instance of bean 'org.springframework.aop.config.internalAutoProxyCreator'
2014-07-28 15:21:16,793 DEBUG org.springframework.context.support.ClassPathXmlApplicationContext ~ Unable to locate MessageSource with name 'messageSource': using default [org.springframework.context.support.DelegatingMessageSource@2d41737a]
2014-07-28 15:21:16,795 DEBUG org.springframework.context.support.ClassPathXmlApplicationContext ~ Unable to locate ApplicationEventMulticaster with name 'applicationEventMulticaster': using default [org.springframework.context.event.SimpleApplicationEventMulticaster@4d047f51]
2014-07-28 15:21:16,800 DEBUG org.springframework.beans.factory.support.DefaultListableBeanFactory ~ Pre-instantiating singletons in org.springframework.beans.factory.support.DefaultListableBeanFactory@5288528: defining beans [appOutput,metrolink,sqliteJDBCDao,stationTracker,org.springframework.context.annotation.internalConfigurationAnnotationProcessor,org.springframework.context.annotation.internalAutowiredAnnotationProcessor,org.springframework.context.annotation.internalRequiredAnnotationProcessor,org.springframework.context.annotation.internalCommonAnnotationProcessor,org.springframework.context.annotation.internalPersistenceAnnotationProcessor,org.springframework.aop.config.internalAutoProxyCreator,org.springframework.transaction.annotation.AnnotationTransactionAttributeSource#0,org.springframework.transaction.interceptor.TransactionInterceptor#0,org.springframework.transaction.config.internalTransactionAdvisor,sessionFactory,transactionManager,dataSource,org.springframework.context.annotation.ConfigurationClassPostProcessor.importAwareProcessor,org.springframework.context.annotation.ConfigurationClassPostProcessor.enhancedConfigurationProcessor]; root of factory hierarchy
2014-07-28 15:21:16,800 DEBUG org.springframework.beans.factory.support.DefaultListableBeanFactory ~ Creating shared instance of singleton bean 'appOutput'
2014-07-28 15:21:16,800 DEBUG org.springframework.beans.factory.support.DefaultListableBeanFactory ~ Creating instance of bean 'appOutput'
2014-07-28 15:21:16,800 DEBUG org.springframework.beans.factory.support.DefaultListableBeanFactory ~ Eagerly caching bean 'appOutput' to allow for resolving potential circular references
2014-07-28 15:21:16,800 TRACE org.springframework.beans.CachedIntrospectionResults ~ Getting BeanInfo for class [com.ricketysplit.metrolink.AppOutput]
2014-07-28 15:21:16,801 TRACE org.springframework.beans.CachedIntrospectionResults ~ Caching PropertyDescriptors for class [com.ricketysplit.metrolink.AppOutput]
2014-07-28 15:21:16,801 TRACE org.springframework.beans.CachedIntrospectionResults ~ Found bean property 'class' of type [java.lang.Class]
2014-07-28 15:21:16,803 DEBUG org.springframework.beans.factory.support.DefaultListableBeanFactory ~ Creating shared instance of singleton bean 'org.springframework.transaction.config.internalTransactionAdvisor'
2014-07-28 15:21:16,803 DEBUG org.springframework.beans.factory.support.DefaultListableBeanFactory ~ Creating instance of bean 'org.springframework.transaction.config.internalTransactionAdvisor'
2014-07-28 15:21:16,803 TRACE org.springframework.aop.framework.autoproxy.InfrastructureAdvisorAutoProxyCreator ~ Did not attempt to auto-proxy infrastructure class [org.springframework.transaction.interceptor.BeanFactoryTransactionAttributeSourceAdvisor]
2014-07-28 15:21:16,804 DEBUG org.springframework.beans.factory.support.DefaultListableBeanFactory ~ Eagerly caching bean 'org.springframework.transaction.config.internalTransactionAdvisor' to allow for resolving potential circular references
2014-07-28 15:21:16,804 TRACE org.springframework.beans.CachedIntrospectionResults ~ Getting BeanInfo for class [org.springframework.transaction.interceptor.BeanFactoryTransactionAttributeSourceAdvisor]
2014-07-28 15:21:16,809 TRACE org.springframework.beans.CachedIntrospectionResults ~ Caching PropertyDescriptors for class [org.springframework.transaction.interceptor.BeanFactoryTransactionAttributeSourceAdvisor]
2014-07-28 15:21:16,809 TRACE org.springframework.beans.CachedIntrospectionResults ~ Found bean property 'advice' of type [org.aopalliance.aop.Advice]
2014-07-28 15:21:16,809 TRACE org.springframework.beans.CachedIntrospectionResults ~ Found bean property 'adviceBeanName' of type [java.lang.String]
2014-07-28 15:21:16,809 TRACE org.springframework.beans.CachedIntrospectionResults ~ Found bean property 'beanFactory' of type [org.springframework.beans.factory.BeanFactory]
2014-07-28 15:21:16,809 TRACE org.springframework.beans.CachedIntrospectionResults ~ Found bean property 'class' of type [java.lang.Class]
2014-07-28 15:21:16,809 TRACE org.springframework.beans.CachedIntrospectionResults ~ Found bean property 'classFilter' of type [org.springframework.aop.ClassFilter]
2014-07-28 15:21:16,809 TRACE org.springframework.beans.CachedIntrospectionResults ~ Found bean property 'order' of type [int]
2014-07-28 15:21:16,809 TRACE org.springframework.beans.CachedIntrospectionResults ~ Found bean property 'perInstance' of type [boolean]
2014-07-28 15:21:16,809 TRACE org.springframework.beans.CachedIntrospectionResults ~ Found bean property 'pointcut' of type [org.springframework.aop.Pointcut]
2014-07-28 15:21:16,809 TRACE org.springframework.beans.CachedIntrospectionResults ~ Found bean property 'transactionAttributeSource' of type [org.springframework.transaction.interceptor.TransactionAttributeSource]
2014-07-28 15:21:16,820 DEBUG org.springframework.beans.factory.support.DefaultListableBeanFactory ~ Creating shared instance of singleton bean 'org.springframework.transaction.annotation.AnnotationTransactionAttributeSource#0'
2014-07-28 15:21:16,820 DEBUG org.springframework.beans.factory.support.DefaultListableBeanFactory ~ Creating instance of bean 'org.springframework.transaction.annotation.AnnotationTransactionAttributeSource#0'
2014-07-28 15:21:16,824 DEBUG org.springframework.beans.factory.support.DefaultListableBeanFactory ~ Eagerly caching bean 'org.springframework.transaction.annotation.AnnotationTransactionAttributeSource#0' to allow for resolving potential circular references
2014-07-28 15:21:16,824 TRACE org.springframework.beans.CachedIntrospectionResults ~ Getting BeanInfo for class [org.springframework.transaction.annotation.AnnotationTransactionAttributeSource]
2014-07-28 15:21:16,826 TRACE org.springframework.beans.CachedIntrospectionResults ~ Caching PropertyDescriptors for class [org.springframework.transaction.annotation.AnnotationTransactionAttributeSource]
2014-07-28 15:21:16,826 TRACE org.springframework.beans.CachedIntrospectionResults ~ Found bean property 'class' of type [java.lang.Class]
2014-07-28 15:21:16,827 DEBUG org.springframework.aop.framework.autoproxy.BeanFactoryAdvisorRetrievalHelper ~ Skipping currently created advisor 'org.springframework.transaction.config.internalTransactionAdvisor'
2014-07-28 15:21:16,830 DEBUG org.springframework.beans.factory.support.DefaultListableBeanFactory ~ Finished creating instance of bean 'org.springframework.transaction.annotation.AnnotationTransactionAttributeSource#0'
2014-07-28 15:21:16,830 DEBUG org.springframework.beans.factory.support.DefaultListableBeanFactory ~ Finished creating instance of bean 'org.springframework.transaction.config.internalTransactionAdvisor'
2014-07-28 15:21:16,834 DEBUG org.springframework.beans.factory.support.DefaultListableBeanFactory ~ Finished creating instance of bean 'appOutput'
2014-07-28 15:21:16,834 DEBUG org.springframework.beans.factory.support.DefaultListableBeanFactory ~ Creating shared instance of singleton bean 'metrolink'
2014-07-28 15:21:16,834 DEBUG org.springframework.beans.factory.support.DefaultListableBeanFactory ~ Creating instance of bean 'metrolink'
2014-07-28 15:21:16,838 DEBUG org.springframework.beans.factory.annotation.InjectionMetadata ~ Registered injected element on class [com.ricketysplit.metrolink.Metrolink]: AutowiredFieldElement for private com.ricketysplit.metrolink.StationTracker com.ricketysplit.metrolink.Metrolink.stationTracker
2014-07-28 15:21:16,838 DEBUG org.springframework.beans.factory.annotation.InjectionMetadata ~ Registered injected element on class [com.ricketysplit.metrolink.Metrolink]: AutowiredFieldElement for private com.ricketysplit.metrolink.AppOutput com.ricketysplit.metrolink.Metrolink.appOutput
2014-07-28 15:21:16,838 DEBUG org.springframework.beans.factory.support.DefaultListableBeanFactory ~ Eagerly caching bean 'metrolink' to allow for resolving potential circular references
2014-07-28 15:21:16,839 TRACE org.springframework.beans.CachedIntrospectionResults ~ Getting BeanInfo for class [com.ricketysplit.metrolink.Metrolink]
2014-07-28 15:21:16,839 TRACE org.springframework.beans.CachedIntrospectionResults ~ Caching PropertyDescriptors for class [com.ricketysplit.metrolink.Metrolink]
2014-07-28 15:21:16,839 TRACE org.springframework.beans.CachedIntrospectionResults ~ Found bean property 'class' of type [java.lang.Class]
2014-07-28 15:21:16,840 DEBUG org.springframework.beans.factory.annotation.InjectionMetadata ~ Processing injected method of bean 'metrolink': AutowiredFieldElement for private com.ricketysplit.metrolink.StationTracker com.ricketysplit.metrolink.Metrolink.stationTracker
2014-07-28 15:21:16,868 DEBUG org.springframework.beans.factory.support.DefaultListableBeanFactory ~ Creating shared instance of singleton bean 'stationTracker'
2014-07-28 15:21:16,868 DEBUG org.springframework.beans.factory.support.DefaultListableBeanFactory ~ Creating instance of bean 'stationTracker'
2014-07-28 15:21:16,869 DEBUG org.springframework.beans.factory.annotation.InjectionMetadata ~ Registered injected element on class [com.ricketysplit.metrolink.StationTracker]: AutowiredFieldElement for private com.ricketysplit.metrolink.SqliteJDBCDao com.ricketysplit.metrolink.StationTracker.db
2014-07-28 15:21:16,869 DEBUG org.springframework.beans.factory.annotation.InjectionMetadata ~ Registered injected element on class [com.ricketysplit.metrolink.StationTracker]: AutowiredFieldElement for private com.ricketysplit.metrolink.AppOutput com.ricketysplit.metrolink.StationTracker.appOutput
2014-07-28 15:21:16,870 DEBUG org.springframework.beans.factory.support.DefaultListableBeanFactory ~ Eagerly caching bean 'stationTracker' to allow for resolving potential circular references
2014-07-28 15:21:16,870 TRACE org.springframework.beans.CachedIntrospectionResults ~ Getting BeanInfo for class [com.ricketysplit.metrolink.StationTracker]
2014-07-28 15:21:16,871 TRACE org.springframework.beans.CachedIntrospectionResults ~ Caching PropertyDescriptors for class [com.ricketysplit.metrolink.StationTracker]
2014-07-28 15:21:16,871 TRACE org.springframework.beans.CachedIntrospectionResults ~ Found bean property 'class' of type [java.lang.Class]
2014-07-28 15:21:16,871 TRACE org.springframework.beans.CachedIntrospectionResults ~ Found bean property 'currentStation' of type [com.ricketysplit.metrolink.Stop]
2014-07-28 15:21:16,871 TRACE org.springframework.beans.CachedIntrospectionResults ~ Found bean property 'metroLinkStations' of type [java.util.List]
2014-07-28 15:21:16,871 DEBUG org.springframework.beans.factory.annotation.InjectionMetadata ~ Processing injected method of bean 'stationTracker': AutowiredFieldElement for private com.ricketysplit.metrolink.SqliteJDBCDao com.ricketysplit.metrolink.StationTracker.db
2014-07-28 15:21:16,872 DEBUG org.springframework.beans.factory.support.DefaultListableBeanFactory ~ Creating shared instance of singleton bean 'sqliteJDBCDao'
2014-07-28 15:21:16,872 DEBUG org.springframework.beans.factory.support.DefaultListableBeanFactory ~ Creating instance of bean 'sqliteJDBCDao'
2014-07-28 15:21:16,876 DEBUG org.springframework.beans.factory.annotation.InjectionMetadata ~ Registered injected element on class [com.ricketysplit.metrolink.SqliteJDBCDao]: AutowiredFieldElement for private com.ricketysplit.metrolink.AppOutput com.ricketysplit.metrolink.SqliteJDBCDao.appOutput
2014-07-28 15:21:16,876 DEBUG org.springframework.beans.factory.annotation.InjectionMetadata ~ Registered injected element on class [com.ricketysplit.metrolink.SqliteJDBCDao]: AutowiredFieldElement for private org.hibernate.SessionFactory com.ricketysplit.metrolink.SqliteJDBCDao.sessionFactoryBean
2014-07-28 15:21:16,876 DEBUG org.springframework.beans.factory.support.DefaultListableBeanFactory ~ Eagerly caching bean 'sqliteJDBCDao' to allow for resolving potential circular references
2014-07-28 15:21:16,876 TRACE org.springframework.beans.CachedIntrospectionResults ~ Getting BeanInfo for class [com.ricketysplit.metrolink.SqliteJDBCDao]
2014-07-28 15:21:16,878 TRACE org.springframework.beans.CachedIntrospectionResults ~ Caching PropertyDescriptors for class [com.ricketysplit.metrolink.SqliteJDBCDao]
2014-07-28 15:21:16,878 TRACE org.springframework.beans.CachedIntrospectionResults ~ Found bean property 'class' of type [java.lang.Class]
2014-07-28 15:21:16,878 TRACE org.springframework.beans.CachedIntrospectionResults ~ Found bean property 'stopsAllStops' of type [java.util.List]
2014-07-28 15:21:16,879 DEBUG org.springframework.beans.factory.annotation.InjectionMetadata ~ Processing injected method of bean 'sqliteJDBCDao': AutowiredFieldElement for private com.ricketysplit.metrolink.AppOutput com.ricketysplit.metrolink.SqliteJDBCDao.appOutput
2014-07-28 15:21:16,880 DEBUG org.springframework.beans.factory.support.DefaultListableBeanFactory ~ Returning cached instance of singleton bean 'appOutput'
2014-07-28 15:21:16,880 DEBUG org.springframework.beans.factory.annotation.AutowiredAnnotationBeanPostProcessor ~ Autowiring by type from bean name 'sqliteJDBCDao' to bean named 'appOutput'
2014-07-28 15:21:16,883 DEBUG org.springframework.beans.factory.annotation.InjectionMetadata ~ Processing injected method of bean 'sqliteJDBCDao': AutowiredFieldElement for private org.hibernate.SessionFactory com.ricketysplit.metrolink.SqliteJDBCDao.sessionFactoryBean
2014-07-28 15:21:16,884 DEBUG org.springframework.beans.factory.support.DefaultListableBeanFactory ~ Creating shared instance of singleton bean 'sessionFactory'
2014-07-28 15:21:16,884 DEBUG org.springframework.beans.factory.support.DefaultListableBeanFactory ~ Creating instance of bean 'sessionFactory'
2014-07-28 15:21:16,888 DEBUG org.springframework.beans.factory.support.DefaultListableBeanFactory ~ Eagerly caching bean 'sessionFactory' to allow for resolving potential circular references
2014-07-28 15:21:16,888 TRACE org.springframework.beans.CachedIntrospectionResults ~ Getting BeanInfo for class [org.springframework.orm.hibernate4.LocalSessionFactoryBean]
2014-07-28 15:21:16,892 TRACE org.springframework.beans.CachedIntrospectionResults ~ Caching PropertyDescriptors for class [org.springframework.orm.hibernate4.LocalSessionFactoryBean]
2014-07-28 15:21:16,892 TRACE org.springframework.beans.CachedIntrospectionResults ~ Found bean property 'annotatedClasses' of type [[Ljava.lang.Class;]
2014-07-28 15:21:16,892 TRACE org.springframework.beans.CachedIntrospectionResults ~ Found bean property 'annotatedPackages' of type [[Ljava.lang.String;]
2014-07-28 15:21:16,892 TRACE org.springframework.beans.CachedIntrospectionResults ~ Found bean property 'cacheRegionFactory' of type [org.hibernate.cache.spi.RegionFactory]
2014-07-28 15:21:16,893 TRACE org.springframework.beans.CachedIntrospectionResults ~ Found bean property 'cacheableMappingLocations' of type [[Lorg.springframework.core.io.Resource;]
2014-07-28 15:21:16,893 TRACE org.springframework.beans.CachedIntrospectionResults ~ Found bean property 'class' of type [java.lang.Class]
2014-07-28 15:21:16,893 TRACE org.springframework.beans.CachedIntrospectionResults ~ Found bean property 'configLocation' of type [org.springframework.core.io.Resource]
2014-07-28 15:21:16,893 TRACE org.springframework.beans.CachedIntrospectionResults ~ Found bean property 'configLocations' of type [[Lorg.springframework.core.io.Resource;]
2014-07-28 15:21:16,893 TRACE org.springframework.beans.CachedIntrospectionResults ~ Found bean property 'configuration' of type [org.hibernate.cfg.Configuration]
2014-07-28 15:21:16,893 TRACE org.springframework.beans.CachedIntrospectionResults ~ Found bean property 'currentTenantIdentifierResolver' of type [java.lang.Object]
2014-07-28 15:21:16,893 TRACE org.springframework.beans.CachedIntrospectionResults ~ Found bean property 'dataSource' of type [javax.sql.DataSource]
2014-07-28 15:21:16,893 TRACE org.springframework.beans.CachedIntrospectionResults ~ Found bean property 'entityInterceptor' of type [org.hibernate.Interceptor]
2014-07-28 15:21:16,893 TRACE org.springframework.beans.CachedIntrospectionResults ~ Found bean property 'hibernateProperties' of type [java.util.Properties]
2014-07-28 15:21:16,893 TRACE org.springframework.beans.CachedIntrospectionResults ~ Found bean property 'jtaTransactionManager' of type [java.lang.Object]
2014-07-28 15:21:16,893 TRACE org.springframework.beans.CachedIntrospectionResults ~ Found bean property 'mappingDirectoryLocations' of type [[Lorg.springframework.core.io.Resource;]
2014-07-28 15:21:16,893 TRACE org.springframework.beans.CachedIntrospectionResults ~ Found bean property 'mappingJarLocations' of type [[Lorg.springframework.core.io.Resource;]
2014-07-28 15:21:16,893 TRACE org.springframework.beans.CachedIntrospectionResults ~ Found bean property 'mappingLocations' of type [[Lorg.springframework.core.io.Resource;]
2014-07-28 15:21:16,893 TRACE org.springframework.beans.CachedIntrospectionResults ~ Found bean property 'mappingResources' of type [[Ljava.lang.String;]
2014-07-28 15:21:16,894 TRACE org.springframework.beans.CachedIntrospectionResults ~ Found bean property 'multiTenantConnectionProvider' of type [java.lang.Object]
2014-07-28 15:21:16,894 TRACE org.springframework.beans.CachedIntrospectionResults ~ Found bean property 'namingStrategy' of type [org.hibernate.cfg.NamingStrategy]
2014-07-28 15:21:16,894 TRACE org.springframework.beans.CachedIntrospectionResults ~ Found bean property 'object' of type [org.hibernate.SessionFactory]
2014-07-28 15:21:16,894 TRACE org.springframework.beans.CachedIntrospectionResults ~ Found bean property 'objectType' of type [java.lang.Class]
2014-07-28 15:21:16,894 TRACE org.springframework.beans.CachedIntrospectionResults ~ Found bean property 'packagesToScan' of type [[Ljava.lang.String;]
2014-07-28 15:21:16,894 TRACE org.springframework.beans.CachedIntrospectionResults ~ Found bean property 'resourceLoader' of type [org.springframework.core.io.ResourceLoader]
2014-07-28 15:21:16,894 TRACE org.springframework.beans.CachedIntrospectionResults ~ Found bean property 'singleton' of type [boolean]
2014-07-28 15:21:16,899 DEBUG org.springframework.beans.factory.support.DefaultListableBeanFactory ~ Creating shared instance of singleton bean 'dataSource'
2014-07-28 15:21:16,899 DEBUG org.springframework.beans.factory.support.DefaultListableBeanFactory ~ Creating instance of bean 'dataSource'
2014-07-28 15:21:16,901 DEBUG org.springframework.beans.factory.support.DefaultListableBeanFactory ~ Eagerly caching bean 'dataSource' to allow for resolving potential circular references
2014-07-28 15:21:16,901 TRACE org.springframework.beans.CachedIntrospectionResults ~ Getting BeanInfo for class [org.springframework.jdbc.datasource.DriverManagerDataSource]
2014-07-28 15:21:16,905 TRACE org.springframework.beans.CachedIntrospectionResults ~ Caching PropertyDescriptors for class [org.springframework.jdbc.datasource.DriverManagerDataSource]
2014-07-28 15:21:16,905 TRACE org.springframework.beans.CachedIntrospectionResults ~ Found bean property 'class' of type [java.lang.Class]
2014-07-28 15:21:16,905 TRACE org.springframework.beans.CachedIntrospectionResults ~ Found bean property 'connection' of type [java.sql.Connection]
2014-07-28 15:21:16,905 TRACE org.springframework.beans.CachedIntrospectionResults ~ Found bean property 'connectionProperties' of type [java.util.Properties]
2014-07-28 15:21:16,905 TRACE org.springframework.beans.CachedIntrospectionResults ~ Found bean property 'driverClassName' of type [java.lang.String]
2014-07-28 15:21:16,905 TRACE org.springframework.beans.CachedIntrospectionResults ~ Found bean property 'logWriter' of type [java.io.PrintWriter]
2014-07-28 15:21:16,905 TRACE org.springframework.beans.CachedIntrospectionResults ~ Found bean property 'loginTimeout' of type [int]
2014-07-28 15:21:16,905 TRACE org.springframework.beans.CachedIntrospectionResults ~ Found bean property 'parentLogger' of type [java.util.logging.Logger]
2014-07-28 15:21:16,905 TRACE org.springframework.beans.CachedIntrospectionResults ~ Found bean property 'password' of type [java.lang.String]
2014-07-28 15:21:16,905 TRACE org.springframework.beans.CachedIntrospectionResults ~ Found bean property 'url' of type [java.lang.String]
2014-07-28 15:21:16,905 TRACE org.springframework.beans.CachedIntrospectionResults ~ Found bean property 'username' of type [java.lang.String]
2014-07-28 15:21:16,912 INFO  org.springframework.jdbc.datasource.DriverManagerDataSource ~ Loaded JDBC driver: org.sqlite.JDBC
2014-07-28 15:21:16,912 DEBUG org.springframework.beans.factory.support.DefaultListableBeanFactory ~ Returning cached instance of singleton bean 'org.springframework.transaction.config.internalTransactionAdvisor'
2014-07-28 15:21:16,916 DEBUG org.springframework.beans.factory.support.DefaultListableBeanFactory ~ Finished creating instance of bean 'dataSource'
2014-07-28 15:21:16,917 TRACE org.springframework.beans.TypeConverterDelegate ~ Converting String to [class java.lang.Class] using property editor [org.springframework.beans.propertyeditors.ClassEditor@4a500db8]
2014-07-28 15:21:16,917 TRACE org.springframework.beans.TypeConverterDelegate ~ Converting String to [class java.lang.Class] using property editor [org.springframework.beans.propertyeditors.ClassEditor@4a500db8]
2014-07-28 15:21:16,922 DEBUG org.springframework.beans.factory.support.DefaultListableBeanFactory ~ Invoking afterPropertiesSet() on bean with name 'sessionFactory'
2014-07-28 15:21:17,293 DEBUG org.springframework.jdbc.datasource.DriverManagerDataSource ~ Creating new JDBC DriverManager Connection to [jdbc:sqlite:metrolink.db]
2014-07-28 15:21:17,666 DEBUG org.springframework.beans.factory.support.DefaultListableBeanFactory ~ Returning cached instance of singleton bean 'org.springframework.transaction.config.internalTransactionAdvisor'
2014-07-28 15:21:17,667 DEBUG org.springframework.beans.factory.support.DefaultListableBeanFactory ~ Finished creating instance of bean 'sessionFactory'
2014-07-28 15:21:17,667 DEBUG org.springframework.beans.factory.support.DefaultListableBeanFactory ~ Returning cached instance of singleton bean 'org.springframework.transaction.config.internalTransactionAdvisor'
2014-07-28 15:21:17,680 DEBUG org.springframework.beans.factory.annotation.AutowiredAnnotationBeanPostProcessor ~ Autowiring by type from bean name 'sqliteJDBCDao' to bean named 'sessionFactory'
2014-07-28 15:21:17,680 DEBUG org.springframework.beans.factory.support.DefaultListableBeanFactory ~ Returning cached instance of singleton bean 'org.springframework.transaction.config.internalTransactionAdvisor'
2014-07-28 15:21:17,681 DEBUG org.springframework.beans.factory.support.DefaultListableBeanFactory ~ Finished creating instance of bean 'sqliteJDBCDao'
2014-07-28 15:21:17,681 DEBUG org.springframework.beans.factory.annotation.AutowiredAnnotationBeanPostProcessor ~ Autowiring by type from bean name 'stationTracker' to bean named 'sqliteJDBCDao'
2014-07-28 15:21:17,681 DEBUG org.springframework.beans.factory.annotation.InjectionMetadata ~ Processing injected method of bean 'stationTracker': AutowiredFieldElement for private com.ricketysplit.metrolink.AppOutput com.ricketysplit.metrolink.StationTracker.appOutput
2014-07-28 15:21:17,681 DEBUG org.springframework.beans.factory.support.DefaultListableBeanFactory ~ Returning cached instance of singleton bean 'appOutput'
2014-07-28 15:21:17,681 DEBUG org.springframework.beans.factory.annotation.AutowiredAnnotationBeanPostProcessor ~ Autowiring by type from bean name 'stationTracker' to bean named 'appOutput'
2014-07-28 15:21:17,681 DEBUG org.springframework.beans.factory.support.DefaultListableBeanFactory ~ Returning cached instance of singleton bean 'org.springframework.transaction.config.internalTransactionAdvisor'
2014-07-28 15:21:17,682 DEBUG org.springframework.beans.factory.support.DefaultListableBeanFactory ~ Finished creating instance of bean 'stationTracker'
2014-07-28 15:21:17,682 DEBUG org.springframework.beans.factory.annotation.AutowiredAnnotationBeanPostProcessor ~ Autowiring by type from bean name 'metrolink' to bean named 'stationTracker'
2014-07-28 15:21:17,682 DEBUG org.springframework.beans.factory.annotation.InjectionMetadata ~ Processing injected method of bean 'metrolink': AutowiredFieldElement for private com.ricketysplit.metrolink.AppOutput com.ricketysplit.metrolink.Metrolink.appOutput
2014-07-28 15:21:17,682 DEBUG org.springframework.beans.factory.support.DefaultListableBeanFactory ~ Returning cached instance of singleton bean 'appOutput'
2014-07-28 15:21:17,682 DEBUG org.springframework.beans.factory.annotation.AutowiredAnnotationBeanPostProcessor ~ Autowiring by type from bean name 'metrolink' to bean named 'appOutput'
2014-07-28 15:21:17,682 DEBUG org.springframework.beans.factory.support.DefaultListableBeanFactory ~ Returning cached instance of singleton bean 'org.springframework.transaction.config.internalTransactionAdvisor'
2014-07-28 15:21:17,683 DEBUG org.springframework.beans.factory.support.DefaultListableBeanFactory ~ Finished creating instance of bean 'metrolink'
2014-07-28 15:21:17,683 DEBUG org.springframework.beans.factory.support.DefaultListableBeanFactory ~ Returning cached instance of singleton bean 'sqliteJDBCDao'
2014-07-28 15:21:17,683 DEBUG org.springframework.beans.factory.support.DefaultListableBeanFactory ~ Returning cached instance of singleton bean 'stationTracker'
2014-07-28 15:21:17,683 DEBUG org.springframework.beans.factory.support.DefaultListableBeanFactory ~ Returning cached instance of singleton bean 'org.springframework.context.annotation.internalConfigurationAnnotationProcessor'
2014-07-28 15:21:17,683 DEBUG org.springframework.beans.factory.support.DefaultListableBeanFactory ~ Returning cached instance of singleton bean 'org.springframework.context.annotation.internalAutowiredAnnotationProcessor'
2014-07-28 15:21:17,683 DEBUG org.springframework.beans.factory.support.DefaultListableBeanFactory ~ Returning cached instance of singleton bean 'org.springframework.context.annotation.internalRequiredAnnotationProcessor'
2014-07-28 15:21:17,683 DEBUG org.springframework.beans.factory.support.DefaultListableBeanFactory ~ Returning cached instance of singleton bean 'org.springframework.context.annotation.internalCommonAnnotationProcessor'
2014-07-28 15:21:17,683 DEBUG org.springframework.beans.factory.support.DefaultListableBeanFactory ~ Returning cached instance of singleton bean 'org.springframework.context.annotation.internalPersistenceAnnotationProcessor'
2014-07-28 15:21:17,683 DEBUG org.springframework.beans.factory.support.DefaultListableBeanFactory ~ Returning cached instance of singleton bean 'org.springframework.aop.config.internalAutoProxyCreator'
2014-07-28 15:21:17,683 DEBUG org.springframework.beans.factory.support.DefaultListableBeanFactory ~ Returning cached instance of singleton bean 'org.springframework.transaction.annotation.AnnotationTransactionAttributeSource#0'
2014-07-28 15:21:17,683 DEBUG org.springframework.beans.factory.support.DefaultListableBeanFactory ~ Creating shared instance of singleton bean 'org.springframework.transaction.interceptor.TransactionInterceptor#0'
2014-07-28 15:21:17,683 DEBUG org.springframework.beans.factory.support.DefaultListableBeanFactory ~ Creating instance of bean 'org.springframework.transaction.interceptor.TransactionInterceptor#0'
2014-07-28 15:21:17,683 TRACE org.springframework.aop.framework.autoproxy.InfrastructureAdvisorAutoProxyCreator ~ Did not attempt to auto-proxy infrastructure class [org.springframework.transaction.interceptor.TransactionInterceptor]
2014-07-28 15:21:17,686 DEBUG org.springframework.beans.factory.support.DefaultListableBeanFactory ~ Eagerly caching bean 'org.springframework.transaction.interceptor.TransactionInterceptor#0' to allow for resolving potential circular references
2014-07-28 15:21:17,686 TRACE org.springframework.beans.CachedIntrospectionResults ~ Getting BeanInfo for class [org.springframework.transaction.interceptor.TransactionInterceptor]
2014-07-28 15:21:17,688 TRACE org.springframework.beans.CachedIntrospectionResults ~ Caching PropertyDescriptors for class [org.springframework.transaction.interceptor.TransactionInterceptor]
2014-07-28 15:21:17,688 TRACE org.springframework.beans.CachedIntrospectionResults ~ Found bean property 'beanFactory' of type [org.springframework.beans.factory.BeanFactory]
2014-07-28 15:21:17,688 TRACE org.springframework.beans.CachedIntrospectionResults ~ Found bean property 'class' of type [java.lang.Class]
2014-07-28 15:21:17,688 TRACE org.springframework.beans.CachedIntrospectionResults ~ Found bean property 'transactionAttributeSource' of type [org.springframework.transaction.interceptor.TransactionAttributeSource]
2014-07-28 15:21:17,688 TRACE org.springframework.beans.CachedIntrospectionResults ~ Found bean property 'transactionAttributeSources' of type [[Lorg.springframework.transaction.interceptor.TransactionAttributeSource;]
2014-07-28 15:21:17,688 TRACE org.springframework.beans.CachedIntrospectionResults ~ Found bean property 'transactionAttributes' of type [java.util.Properties]
2014-07-28 15:21:17,688 TRACE org.springframework.beans.CachedIntrospectionResults ~ Found bean property 'transactionManager' of type [org.springframework.transaction.PlatformTransactionManager]
2014-07-28 15:21:17,688 TRACE org.springframework.beans.CachedIntrospectionResults ~ Found bean property 'transactionManagerBeanName' of type [java.lang.String]
2014-07-28 15:21:17,689 DEBUG org.springframework.beans.factory.support.DefaultListableBeanFactory ~ Returning cached instance of singleton bean 'org.springframework.transaction.annotation.AnnotationTransactionAttributeSource#0'
2014-07-28 15:21:17,689 DEBUG org.springframework.beans.factory.support.DefaultListableBeanFactory ~ Invoking afterPropertiesSet() on bean with name 'org.springframework.transaction.interceptor.TransactionInterceptor#0'
2014-07-28 15:21:17,689 DEBUG org.springframework.beans.factory.support.DefaultListableBeanFactory ~ Finished creating instance of bean 'org.springframework.transaction.interceptor.TransactionInterceptor#0'
2014-07-28 15:21:17,689 DEBUG org.springframework.beans.factory.support.DefaultListableBeanFactory ~ Returning cached instance of singleton bean 'org.springframework.transaction.config.internalTransactionAdvisor'
2014-07-28 15:21:17,690 DEBUG org.springframework.beans.factory.support.DefaultListableBeanFactory ~ Returning cached instance of singleton bean 'sessionFactory'
2014-07-28 15:21:17,690 DEBUG org.springframework.beans.factory.support.DefaultListableBeanFactory ~ Creating shared instance of singleton bean 'transactionManager'
2014-07-28 15:21:17,690 DEBUG org.springframework.beans.factory.support.DefaultListableBeanFactory ~ Creating instance of bean 'transactionManager'
2014-07-28 15:21:17,696 DEBUG org.springframework.beans.factory.support.DefaultListableBeanFactory ~ Eagerly caching bean 'transactionManager' to allow for resolving potential circular references
2014-07-28 15:21:17,696 TRACE org.springframework.beans.CachedIntrospectionResults ~ Getting BeanInfo for class [org.springframework.orm.hibernate4.HibernateTransactionManager]
2014-07-28 15:21:17,699 TRACE org.springframework.beans.CachedIntrospectionResults ~ Caching PropertyDescriptors for class [org.springframework.orm.hibernate4.HibernateTransactionManager]
2014-07-28 15:21:17,699 TRACE org.springframework.beans.CachedIntrospectionResults ~ Found bean property 'autodetectDataSource' of type [boolean]
2014-07-28 15:21:17,699 TRACE org.springframework.beans.CachedIntrospectionResults ~ Found bean property 'beanFactory' of type [org.springframework.beans.factory.BeanFactory]
2014-07-28 15:21:17,699 TRACE org.springframework.beans.CachedIntrospectionResults ~ Found bean property 'class' of type [java.lang.Class]
2014-07-28 15:21:17,699 TRACE org.springframework.beans.CachedIntrospectionResults ~ Found bean property 'dataSource' of type [javax.sql.DataSource]
2014-07-28 15:21:17,699 TRACE org.springframework.beans.CachedIntrospectionResults ~ Found bean property 'defaultTimeout' of type [int]
2014-07-28 15:21:17,699 TRACE org.springframework.beans.CachedIntrospectionResults ~ Found bean property 'entityInterceptor' of type [org.hibernate.Interceptor]
2014-07-28 15:21:17,699 TRACE org.springframework.beans.CachedIntrospectionResults ~ Found bean property 'entityInterceptorBeanName' of type [java.lang.String]
2014-07-28 15:21:17,699 TRACE org.springframework.beans.CachedIntrospectionResults ~ Found bean property 'failEarlyOnGlobalRollbackOnly' of type [boolean]
2014-07-28 15:21:17,699 TRACE org.springframework.beans.CachedIntrospectionResults ~ Found bean property 'globalRollbackOnParticipationFailure' of type [boolean]
2014-07-28 15:21:17,699 TRACE org.springframework.beans.CachedIntrospectionResults ~ Found bean property 'hibernateManagedSession' of type [boolean]
2014-07-28 15:21:17,699 TRACE org.springframework.beans.CachedIntrospectionResults ~ Found bean property 'nestedTransactionAllowed' of type [boolean]
2014-07-28 15:21:17,699 TRACE org.springframework.beans.CachedIntrospectionResults ~ Found bean property 'prepareConnection' of type [boolean]
2014-07-28 15:21:17,699 TRACE org.springframework.beans.CachedIntrospectionResults ~ Found bean property 'resourceFactory' of type [java.lang.Object]
2014-07-28 15:21:17,699 TRACE org.springframework.beans.CachedIntrospectionResults ~ Found bean property 'rollbackOnCommitFailure' of type [boolean]
2014-07-28 15:21:17,699 TRACE org.springframework.beans.CachedIntrospectionResults ~ Found bean property 'sessionFactory' of type [org.hibernate.SessionFactory]
2014-07-28 15:21:17,699 TRACE org.springframework.beans.CachedIntrospectionResults ~ Found bean property 'transactionSynchronization' of type [int]
2014-07-28 15:21:17,699 TRACE org.springframework.beans.CachedIntrospectionResults ~ Found bean property 'transactionSynchronizationName' of type [java.lang.String]
2014-07-28 15:21:17,699 TRACE org.springframework.beans.CachedIntrospectionResults ~ Found bean property 'validateExistingTransaction' of type [boolean]
2014-07-28 15:21:17,701 DEBUG org.springframework.beans.factory.support.DefaultListableBeanFactory ~ Returning cached instance of singleton bean 'sessionFactory'
2014-07-28 15:21:17,701 DEBUG org.springframework.beans.factory.support.DefaultListableBeanFactory ~ Invoking afterPropertiesSet() on bean with name 'transactionManager'
2014-07-28 15:21:17,707 DEBUG org.springframework.beans.factory.support.DefaultListableBeanFactory ~ Returning cached instance of singleton bean 'org.springframework.transaction.config.internalTransactionAdvisor'
2014-07-28 15:21:17,709 DEBUG org.springframework.beans.factory.support.DefaultListableBeanFactory ~ Finished creating instance of bean 'transactionManager'
2014-07-28 15:21:17,709 DEBUG org.springframework.beans.factory.support.DefaultListableBeanFactory ~ Returning cached instance of singleton bean 'dataSource'
2014-07-28 15:21:17,709 DEBUG org.springframework.beans.factory.support.DefaultListableBeanFactory ~ Returning cached instance of singleton bean 'org.springframework.context.annotation.ConfigurationClassPostProcessor.importAwareProcessor'
2014-07-28 15:21:17,709 DEBUG org.springframework.beans.factory.support.DefaultListableBeanFactory ~ Returning cached instance of singleton bean 'org.springframework.context.annotation.ConfigurationClassPostProcessor.enhancedConfigurationProcessor'
2014-07-28 15:21:17,710 DEBUG org.springframework.context.support.ClassPathXmlApplicationContext ~ Unable to locate LifecycleProcessor with name 'lifecycleProcessor': using default [org.springframework.context.support.DefaultLifecycleProcessor@5fbefaf1]
2014-07-28 15:21:17,710 DEBUG org.springframework.beans.factory.support.DefaultListableBeanFactory ~ Returning cached instance of singleton bean 'lifecycleProcessor'
2014-07-28 15:21:17,710 TRACE org.springframework.context.support.ClassPathXmlApplicationContext ~ Publishing event in org.springframework.context.support.ClassPathXmlApplicationContext@5f47cab0: org.springframework.context.event.ContextRefreshedEvent[source=org.springframework.context.support.ClassPathXmlApplicationContext@5f47cab0: startup date [Mon Jul 28 15:21:16 CDT 2014]; root of context hierarchy]
2014-07-28 15:21:17,712 TRACE org.springframework.core.env.PropertySourcesPropertyResolver ~ getProperty("spring.liveBeansView.mbeanDomain", String)
2014-07-28 15:21:17,712 DEBUG org.springframework.core.env.PropertySourcesPropertyResolver ~ Searching for key 'spring.liveBeansView.mbeanDomain' in [systemProperties]
2014-07-28 15:21:17,712 DEBUG org.springframework.core.env.PropertySourcesPropertyResolver ~ Searching for key 'spring.liveBeansView.mbeanDomain' in [systemEnvironment]
2014-07-28 15:21:17,712 TRACE org.springframework.core.env.SystemEnvironmentPropertySource ~ PropertySource [systemEnvironment] does not contain 'spring.liveBeansView.mbeanDomain'
2014-07-28 15:21:17,712 TRACE org.springframework.core.env.SystemEnvironmentPropertySource ~ PropertySource [systemEnvironment] does not contain 'spring_liveBeansView_mbeanDomain'
2014-07-28 15:21:17,712 TRACE org.springframework.core.env.SystemEnvironmentPropertySource ~ PropertySource [systemEnvironment] does not contain 'SPRING.LIVEBEANSVIEW.MBEANDOMAIN'
2014-07-28 15:21:17,712 TRACE org.springframework.core.env.SystemEnvironmentPropertySource ~ PropertySource [systemEnvironment] does not contain 'SPRING_LIVEBEANSVIEW_MBEANDOMAIN'
2014-07-28 15:21:17,712 DEBUG org.springframework.core.env.PropertySourcesPropertyResolver ~ Could not find key 'spring.liveBeansView.mbeanDomain' in any property source. Returning [null]
2014-07-28 15:21:17,712 DEBUG org.springframework.beans.factory.support.DefaultListableBeanFactory ~ Returning cached instance of singleton bean 'metrolink'
2014-07-28 15:21:17,776 DEBUG org.springframework.jdbc.datasource.DriverManagerDataSource ~ Creating new JDBC DriverManager Connection to [jdbc:sqlite:metrolink.db]
2014-07-28 15:21:22,104 DEBUG org.springframework.jdbc.datasource.DriverManagerDataSource ~ Creating new JDBC DriverManager Connection to [jdbc:sqlite:metrolink.db]
